  CollisionBox.cpp
d:\matdev\dev\development visual studio\voxieboxcpp\headers and dlls\vxdatatypes.h(26): warning C4552: '*': result of expression not used
  Drawing and Graphic Example.cpp
d:\matdev\dev\development visual studio\voxieboxcpp\headers and dlls\vxdatatypes.h(26): warning C4552: '*': result of expression not used
d:\matdev\dev\development visual studio\voxieboxcpp\voxieboxcpp examples vs2017\drawing and graphic example\plotpoint.h(61): warning C4305: 'initializing': truncation from 'double' to 'float'
d:\matdev\dev\development visual studio\voxieboxcpp\voxieboxcpp examples vs2017\drawing and graphic example\drawing and graphic example.cpp(40): warning C4060: switch statement contains no 'case' or 'default' labels
d:\matdev\dev\development visual studio\voxieboxcpp\voxieboxcpp examples vs2017\drawing and graphic example\drawing and graphic example.cpp(58): warning C4305: 'initializing': truncation from 'double' to 'float'
d:\matdev\dev\development visual studio\voxieboxcpp\voxieboxcpp examples vs2017\drawing and graphic example\drawing and graphic example.cpp(98): warning C4305: 'initializing': truncation from 'double' to 'float'
d:\matdev\dev\development visual studio\voxieboxcpp\voxieboxcpp examples vs2017\drawing and graphic example\drawing and graphic example.cpp(179): warning C4305: 'argument': truncation from 'double' to 'float'
d:\matdev\dev\development visual studio\voxieboxcpp\voxieboxcpp examples vs2017\drawing and graphic example\drawing and graphic example.cpp(229): warning C4244: '=': conversion from 'double' to 'float', possible loss of data
d:\matdev\dev\development visual studio\voxieboxcpp\voxieboxcpp examples vs2017\drawing and graphic example\drawing and graphic example.cpp(230): warning C4244: '=': conversion from 'double' to 'float', possible loss of data
d:\matdev\dev\development visual studio\voxieboxcpp\voxieboxcpp examples vs2017\drawing and graphic example\drawing and graphic example.cpp(255): warning C4305: 'initializing': truncation from 'double' to 'float'
d:\matdev\dev\development visual studio\voxieboxcpp\voxieboxcpp examples vs2017\drawing and graphic example\drawing and graphic example.cpp(256): warning C4305: 'initializing': truncation from 'double' to 'float'
d:\matdev\dev\development visual studio\voxieboxcpp\voxieboxcpp examples vs2017\drawing and graphic example\drawing and graphic example.cpp(266): warning C4305: 'argument': truncation from 'double' to 'float'
d:\matdev\dev\development visual studio\voxieboxcpp\voxieboxcpp examples vs2017\drawing and graphic example\drawing and graphic example.cpp(290): warning C4305: 'initializing': truncation from 'double' to 'float'
d:\matdev\dev\development visual studio\voxieboxcpp\voxieboxcpp examples vs2017\drawing and graphic example\drawing and graphic example.cpp(348): warning C4305: 'initializing': truncation from 'double' to 'float'
d:\matdev\dev\development visual studio\voxieboxcpp\voxieboxcpp examples vs2017\drawing and graphic example\drawing and graphic example.cpp(351): warning C4305: 'argument': truncation from 'double' to 'float'
d:\matdev\dev\development visual studio\voxieboxcpp\voxieboxcpp examples vs2017\drawing and graphic example\drawing and graphic example.cpp(353): warning C4305: 'initializing': truncation from 'double' to 'float'
d:\matdev\dev\development visual studio\voxieboxcpp\voxieboxcpp examples vs2017\drawing and graphic example\drawing and graphic example.cpp(354): warning C4305: 'initializing': truncation from 'double' to 'float'
d:\matdev\dev\development visual studio\voxieboxcpp\voxieboxcpp examples vs2017\drawing and graphic example\drawing and graphic example.cpp(359): warning C4305: 'initializing': truncation from 'double' to 'float'
d:\matdev\dev\development visual studio\voxieboxcpp\voxieboxcpp examples vs2017\drawing and graphic example\drawing and graphic example.cpp(360): warning C4305: '=': truncation from 'double' to 'float'
d:\matdev\dev\development visual studio\voxieboxcpp\voxieboxcpp examples vs2017\drawing and graphic example\drawing and graphic example.cpp(367): warning C4305: 'initializing': truncation from 'double' to 'float'
d:\matdev\dev\development visual studio\voxieboxcpp\voxieboxcpp examples vs2017\drawing and graphic example\drawing and graphic example.cpp(373): warning C4244: '=': conversion from 'double' to 'float', possible loss of data
d:\matdev\dev\development visual studio\voxieboxcpp\voxieboxcpp examples vs2017\drawing and graphic example\drawing and graphic example.cpp(374): warning C4244: '=': conversion from 'double' to 'float', possible loss of data
d:\matdev\dev\development visual studio\voxieboxcpp\voxieboxcpp examples vs2017\drawing and graphic example\drawing and graphic example.cpp(375): warning C4244: '=': conversion from 'double' to 'float', possible loss of data
d:\matdev\dev\development visual studio\voxieboxcpp\voxieboxcpp examples vs2017\drawing and graphic example\drawing and graphic example.cpp(378): warning C4305: 'initializing': truncation from 'double' to 'float'
d:\matdev\dev\development visual studio\voxieboxcpp\voxieboxcpp examples vs2017\drawing and graphic example\drawing and graphic example.cpp(396): warning C4305: 'initializing': truncation from 'double' to 'float'
d:\matdev\dev\development visual studio\voxieboxcpp\voxieboxcpp examples vs2017\drawing and graphic example\drawing and graphic example.cpp(400): warning C4305: 'initializing': truncation from 'double' to 'float'
d:\matdev\dev\development visual studio\voxieboxcpp\voxieboxcpp examples vs2017\drawing and graphic example\drawing and graphic example.cpp(403): warning C4305: 'initializing': truncation from 'double' to 'float'
d:\matdev\dev\development visual studio\voxieboxcpp\voxieboxcpp examples vs2017\drawing and graphic example\drawing and graphic example.cpp(408): warning C4305: 'initializing': truncation from 'double' to 'float'
d:\matdev\dev\development visual studio\voxieboxcpp\voxieboxcpp examples vs2017\drawing and graphic example\drawing and graphic example.cpp(411): warning C4244: 'argument': conversion from 'double' to 'float', possible loss of data
d:\matdev\dev\development visual studio\voxieboxcpp\voxieboxcpp examples vs2017\drawing and graphic example\drawing and graphic example.cpp(411): warning C4305: 'argument': truncation from 'double' to 'float'
d:\matdev\dev\development visual studio\voxieboxcpp\voxieboxcpp examples vs2017\drawing and graphic example\drawing and graphic example.cpp(413): warning C4305: 'initializing': truncation from 'double' to 'float'
d:\matdev\dev\development visual studio\voxieboxcpp\voxieboxcpp examples vs2017\drawing and graphic example\drawing and graphic example.cpp(418): warning C4305: 'initializing': truncation from 'double' to 'float'
d:\matdev\dev\development visual studio\voxieboxcpp\voxieboxcpp examples vs2017\drawing and graphic example\drawing and graphic example.cpp(420): warning C4305: '=': truncation from 'double' to 'float'
d:\matdev\dev\development visual studio\voxieboxcpp\voxieboxcpp examples vs2017\drawing and graphic example\drawing and graphic example.cpp(421): warning C4244: '=': conversion from 'double' to 'float', possible loss of data
d:\matdev\dev\development visual studio\voxieboxcpp\voxieboxcpp examples vs2017\drawing and graphic example\drawing and graphic example.cpp(431): warning C4305: 'initializing': truncation from 'double' to 'float'
d:\matdev\dev\development visual studio\voxieboxcpp\voxieboxcpp examples vs2017\drawing and graphic example\drawing and graphic example.cpp(435): warning C4305: 'initializing': truncation from 'double' to 'float'
d:\matdev\dev\development visual studio\voxieboxcpp\voxieboxcpp examples vs2017\drawing and graphic example\drawing and graphic example.cpp(436): warning C4305: 'initializing': truncation from 'double' to 'float'
d:\matdev\dev\development visual studio\voxieboxcpp\voxieboxcpp examples vs2017\drawing and graphic example\drawing and graphic example.cpp(438): warning C4305: '=': truncation from 'double' to 'float'
d:\matdev\dev\development visual studio\voxieboxcpp\voxieboxcpp examples vs2017\drawing and graphic example\drawing and graphic example.cpp(439): warning C4244: '=': conversion from 'double' to 'float', possible loss of data
d:\matdev\dev\development visual studio\voxieboxcpp\voxieboxcpp examples vs2017\drawing and graphic example\drawing and graphic example.cpp(450): warning C4244: 'argument': conversion from 'double' to 'float', possible loss of data
d:\matdev\dev\development visual studio\voxieboxcpp\voxieboxcpp examples vs2017\drawing and graphic example\drawing and graphic example.cpp(457): warning C4305: 'initializing': truncation from 'double' to 'float'
d:\matdev\dev\development visual studio\voxieboxcpp\voxieboxcpp examples vs2017\drawing and graphic example\drawing and graphic example.cpp(467): warning C4305: 'initializing': truncation from 'double' to 'float'
d:\matdev\dev\development visual studio\voxieboxcpp\voxieboxcpp examples vs2017\drawing and graphic example\drawing and graphic example.cpp(468): warning C4244: 'argument': conversion from 'double' to 'int', possible loss of data
d:\matdev\dev\development visual studio\voxieboxcpp\voxieboxcpp examples vs2017\drawing and graphic example\drawing and graphic example.cpp(468): warning C4305: 'argument': truncation from 'double' to 'float'
d:\matdev\dev\development visual studio\voxieboxcpp\voxieboxcpp examples vs2017\drawing and graphic example\drawing and graphic example.cpp(470): warning C4305: 'argument': truncation from 'double' to 'float'
d:\matdev\dev\development visual studio\voxieboxcpp\voxieboxcpp examples vs2017\drawing and graphic example\drawing and graphic example.cpp(472): warning C4305: 'initializing': truncation from 'double' to 'float'
d:\matdev\dev\development visual studio\voxieboxcpp\voxieboxcpp examples vs2017\drawing and graphic example\drawing and graphic example.cpp(473): warning C4305: 'initializing': truncation from 'double' to 'float'
d:\matdev\dev\development visual studio\voxieboxcpp\voxieboxcpp examples vs2017\drawing and graphic example\drawing and graphic example.cpp(476): warning C4305: 'initializing': truncation from 'double' to 'float'
d:\matdev\dev\development visual studio\voxieboxcpp\voxieboxcpp examples vs2017\drawing and graphic example\drawing and graphic example.cpp(482): warning C4305: '-=': truncation from 'double' to 'float'
d:\matdev\dev\development visual studio\voxieboxcpp\voxieboxcpp examples vs2017\drawing and graphic example\drawing and graphic example.cpp(485): warning C4305: 'initializing': truncation from 'double' to 'float'
d:\matdev\dev\development visual studio\voxieboxcpp\voxieboxcpp examples vs2017\drawing and graphic example\drawing and graphic example.cpp(488): warning C4305: 'argument': truncation from 'double' to 'float'
d:\matdev\dev\development visual studio\voxieboxcpp\voxieboxcpp examples vs2017\drawing and graphic example\drawing and graphic example.cpp(490): warning C4305: 'initializing': truncation from 'double' to 'float'
d:\matdev\dev\development visual studio\voxieboxcpp\voxieboxcpp examples vs2017\drawing and graphic example\drawing and graphic example.cpp(494): warning C4305: 'initializing': truncation from 'double' to 'float'
d:\matdev\dev\development visual studio\voxieboxcpp\voxieboxcpp examples vs2017\drawing and graphic example\drawing and graphic example.cpp(495): warning C4305: 'initializing': truncation from 'double' to 'float'
d:\matdev\dev\development visual studio\voxieboxcpp\voxieboxcpp examples vs2017\drawing and graphic example\drawing and graphic example.cpp(498): warning C4305: 'initializing': truncation from 'double' to 'float'
d:\matdev\dev\development visual studio\voxieboxcpp\voxieboxcpp examples vs2017\drawing and graphic example\drawing and graphic example.cpp(500): warning C4305: '=': truncation from 'double' to 'float'
d:\matdev\dev\development visual studio\voxieboxcpp\voxieboxcpp examples vs2017\drawing and graphic example\drawing and graphic example.cpp(501): warning C4305: '=': truncation from 'double' to 'float'
d:\matdev\dev\development visual studio\voxieboxcpp\voxieboxcpp examples vs2017\drawing and graphic example\drawing and graphic example.cpp(502): warning C4305: '=': truncation from 'double' to 'float'
d:\matdev\dev\development visual studio\voxieboxcpp\voxieboxcpp examples vs2017\drawing and graphic example\drawing and graphic example.cpp(503): warning C4305: '=': truncation from 'double' to 'float'
d:\matdev\dev\development visual studio\voxieboxcpp\voxieboxcpp examples vs2017\drawing and graphic example\drawing and graphic example.cpp(509): warning C4305: 'initializing': truncation from 'double' to 'float'
d:\matdev\dev\development visual studio\voxieboxcpp\voxieboxcpp examples vs2017\drawing and graphic example\drawing and graphic example.cpp(511): warning C4305: '=': truncation from 'double' to 'float'
d:\matdev\dev\development visual studio\voxieboxcpp\voxieboxcpp examples vs2017\drawing and graphic example\drawing and graphic example.cpp(512): warning C4305: '=': truncation from 'double' to 'float'
d:\matdev\dev\development visual studio\voxieboxcpp\voxieboxcpp examples vs2017\drawing and graphic example\drawing and graphic example.cpp(513): warning C4305: '=': truncation from 'double' to 'float'
d:\matdev\dev\development visual studio\voxieboxcpp\voxieboxcpp examples vs2017\drawing and graphic example\drawing and graphic example.cpp(514): warning C4305: '=': truncation from 'double' to 'float'
d:\matdev\dev\development visual studio\voxieboxcpp\voxieboxcpp examples vs2017\drawing and graphic example\drawing and graphic example.cpp(522): warning C4305: 'initializing': truncation from 'double' to 'float'
d:\matdev\dev\development visual studio\voxieboxcpp\voxieboxcpp examples vs2017\drawing and graphic example\drawing and graphic example.cpp(534): warning C4305: 'argument': truncation from 'double' to 'float'
d:\matdev\dev\development visual studio\voxieboxcpp\voxieboxcpp examples vs2017\drawing and graphic example\drawing and graphic example.cpp(536): warning C4305: 'initializing': truncation from 'double' to 'float'
d:\matdev\dev\development visual studio\voxieboxcpp\voxieboxcpp examples vs2017\drawing and graphic example\drawing and graphic example.cpp(537): warning C4305: 'initializing': truncation from 'double' to 'float'
d:\matdev\dev\development visual studio\voxieboxcpp\voxieboxcpp examples vs2017\drawing and graphic example\drawing and graphic example.cpp(538): warning C4305: 'argument': truncation from 'double' to 'float'
d:\matdev\dev\development visual studio\voxieboxcpp\voxieboxcpp examples vs2017\drawing and graphic example\drawing and graphic example.cpp(541): warning C4305: 'initializing': truncation from 'double' to 'float'
d:\matdev\dev\development visual studio\voxieboxcpp\voxieboxcpp examples vs2017\drawing and graphic example\drawing and graphic example.cpp(542): warning C4305: 'initializing': truncation from 'double' to 'float'
d:\matdev\dev\development visual studio\voxieboxcpp\voxieboxcpp examples vs2017\drawing and graphic example\drawing and graphic example.cpp(585): warning C4305: 'argument': truncation from 'double' to 'float'
d:\matdev\dev\development visual studio\voxieboxcpp\voxieboxcpp examples vs2017\drawing and graphic example\drawing and graphic example.cpp(591): warning C4305: '=': truncation from 'double' to 'float'
d:\matdev\dev\development visual studio\voxieboxcpp\voxieboxcpp examples vs2017\drawing and graphic example\drawing and graphic example.cpp(598): warning C4305: 'argument': truncation from 'double' to 'float'
d:\matdev\dev\development visual studio\voxieboxcpp\voxieboxcpp examples vs2017\drawing and graphic example\drawing and graphic example.cpp(600): warning C4305: 'initializing': truncation from 'double' to 'float'
d:\matdev\dev\development visual studio\voxieboxcpp\voxieboxcpp examples vs2017\drawing and graphic example\drawing and graphic example.cpp(608): warning C4244: '-=': conversion from 'double' to 'float', possible loss of data
d:\matdev\dev\development visual studio\voxieboxcpp\voxieboxcpp examples vs2017\drawing and graphic example\drawing and graphic example.cpp(609): warning C4244: '+=': conversion from 'double' to 'float', possible loss of data
d:\matdev\dev\development visual studio\voxieboxcpp\voxieboxcpp examples vs2017\drawing and graphic example\drawing and graphic example.cpp(611): warning C4244: '=': conversion from 'double' to 'float', possible loss of data
d:\matdev\dev\development visual studio\voxieboxcpp\voxieboxcpp examples vs2017\drawing and graphic example\drawing and graphic example.cpp(612): warning C4305: 'initializing': truncation from 'double' to 'float'
d:\matdev\dev\development visual studio\voxieboxcpp\voxieboxcpp examples vs2017\drawing and graphic example\drawing and graphic example.cpp(620): warning C4244: 'argument': conversion from 'double' to 'float', possible loss of data
d:\matdev\dev\development visual studio\voxieboxcpp\voxieboxcpp examples vs2017\drawing and graphic example\drawing and graphic example.cpp(621): warning C4244: 'argument': conversion from 'double' to 'float', possible loss of data
d:\matdev\dev\development visual studio\voxieboxcpp\voxieboxcpp examples vs2017\drawing and graphic example\drawing and graphic example.cpp(622): warning C4244: 'argument': conversion from 'double' to 'float', possible loss of data
d:\matdev\dev\development visual studio\voxieboxcpp\voxieboxcpp examples vs2017\drawing and graphic example\drawing and graphic example.cpp(631): warning C4305: '=': truncation from 'double' to 'float'
d:\matdev\dev\development visual studio\voxieboxcpp\voxieboxcpp examples vs2017\drawing and graphic example\drawing and graphic example.cpp(638): warning C4305: 'argument': truncation from 'double' to 'float'
d:\matdev\dev\development visual studio\voxieboxcpp\voxieboxcpp examples vs2017\drawing and graphic example\drawing and graphic example.cpp(639): warning C4305: 'initializing': truncation from 'double' to 'float'
d:\matdev\dev\development visual studio\voxieboxcpp\voxieboxcpp examples vs2017\drawing and graphic example\drawing and graphic example.cpp(645): warning C4305: '=': truncation from 'double' to 'float'
d:\matdev\dev\development visual studio\voxieboxcpp\voxieboxcpp examples vs2017\drawing and graphic example\drawing and graphic example.cpp(647): warning C4244: '-=': conversion from 'double' to 'float', possible loss of data
d:\matdev\dev\development visual studio\voxieboxcpp\voxieboxcpp examples vs2017\drawing and graphic example\drawing and graphic example.cpp(648): warning C4244: '+=': conversion from 'double' to 'float', possible loss of data
d:\matdev\dev\development visual studio\voxieboxcpp\voxieboxcpp examples vs2017\drawing and graphic example\drawing and graphic example.cpp(650): warning C4244: '=': conversion from 'double' to 'float', possible loss of data
d:\matdev\dev\development visual studio\voxieboxcpp\voxieboxcpp examples vs2017\drawing and graphic example\drawing and graphic example.cpp(651): warning C4305: 'initializing': truncation from 'double' to 'float'
d:\matdev\dev\development visual studio\voxieboxcpp\voxieboxcpp examples vs2017\drawing and graphic example\drawing and graphic example.cpp(657): warning C4305: '=': truncation from 'double' to 'float'
d:\matdev\dev\development visual studio\voxieboxcpp\voxieboxcpp examples vs2017\drawing and graphic example\drawing and graphic example.cpp(659): warning C4244: 'argument': conversion from 'double' to 'float', possible loss of data
d:\matdev\dev\development visual studio\voxieboxcpp\voxieboxcpp examples vs2017\drawing and graphic example\drawing and graphic example.cpp(660): warning C4244: 'argument': conversion from 'double' to 'float', possible loss of data
d:\matdev\dev\development visual studio\voxieboxcpp\voxieboxcpp examples vs2017\drawing and graphic example\drawing and graphic example.cpp(661): warning C4244: 'argument': conversion from 'double' to 'float', possible loss of data
d:\matdev\dev\development visual studio\voxieboxcpp\voxieboxcpp examples vs2017\drawing and graphic example\drawing and graphic example.cpp(666): warning C4305: 'initializing': truncation from 'double' to 'float'
d:\matdev\dev\development visual studio\voxieboxcpp\voxieboxcpp examples vs2017\drawing and graphic example\drawing and graphic example.cpp(668): warning C4305: '+=': truncation from 'double' to 'float'
d:\matdev\dev\development visual studio\voxieboxcpp\voxieboxcpp examples vs2017\drawing and graphic example\drawing and graphic example.cpp(670): warning C4305: '+=': truncation from 'double' to 'float'
d:\matdev\dev\development visual studio\voxieboxcpp\voxieboxcpp examples vs2017\drawing and graphic example\drawing and graphic example.cpp(672): warning C4305: '+=': truncation from 'double' to 'float'
d:\matdev\dev\development visual studio\voxieboxcpp\voxieboxcpp examples vs2017\drawing and graphic example\drawing and graphic example.cpp(674): warning C4305: '+=': truncation from 'double' to 'float'
d:\matdev\dev\development visual studio\voxieboxcpp\voxieboxcpp examples vs2017\drawing and graphic example\drawing and graphic example.cpp(684): warning C4305: '=': truncation from 'double' to 'float'
d:\matdev\dev\development visual studio\voxieboxcpp\voxieboxcpp examples vs2017\drawing and graphic example\drawing and graphic example.cpp(685): warning C4305: '=': truncation from 'double' to 'float'
d:\matdev\dev\development visual studio\voxieboxcpp\voxieboxcpp examples vs2017\drawing and graphic example\drawing and graphic example.cpp(686): warning C4305: '=': truncation from 'double' to 'float'
d:\matdev\dev\development visual studio\voxieboxcpp\voxieboxcpp examples vs2017\drawing and graphic example\drawing and graphic example.cpp(687): warning C4305: '=': truncation from 'double' to 'float'
d:\matdev\dev\development visual studio\voxieboxcpp\voxieboxcpp examples vs2017\drawing and graphic example\drawing and graphic example.cpp(720): warning C4305: 'initializing': truncation from 'double' to 'float'
d:\matdev\dev\development visual studio\voxieboxcpp\voxieboxcpp examples vs2017\drawing and graphic example\drawing and graphic example.cpp(755): warning C4305: 'initializing': truncation from 'double' to 'float'
  PlotPoint.cpp
d:\matdev\dev\development visual studio\voxieboxcpp\headers and dlls\vxdatatypes.h(26): warning C4552: '*': result of expression not used
d:\matdev\dev\development visual studio\voxieboxcpp\voxieboxcpp examples vs2017\drawing and graphic example\plotpoint.h(61): warning C4305: 'initializing': truncation from 'double' to 'float'
d:\matdev\dev\development visual studio\voxieboxcpp\voxieboxcpp examples vs2017\drawing and graphic example\plotpoint.cpp(53): warning C4838: conversion from 'double' to 'float' requires a narrowing conversion
d:\matdev\dev\development visual studio\voxieboxcpp\voxieboxcpp examples vs2017\drawing and graphic example\plotpoint.cpp(53): warning C4244: 'initializing': conversion from 'double' to 'float', possible loss of data
  Generating code
  4 of 199 functions ( 2.0%) were compiled, the rest were copied from previous compilation.
    0 functions were new in current compilation
    0 functions had inline decision re-evaluated but remain unchanged
  Finished generating code
  Drawing and Graphic Example.vcxproj -> D:\MatDev\DEV\DEVELOPMENT VISUAL STUDIO\VoxieBoxCPP\VoxieBoxCPP Examples VS2017\x64\Release\Drawing and Graphic Example.exe
