  VxMoxie.cpp
D:\MatDev\DEV\DEVELOPMENT GITS\VoxieBoxCPP\VoxieBoxCPP Additional Modules\VxMoxie\VxMoxie\VxMoxie\VxMoxie.cpp(85,9): warning C4244: '=': conversion from 'double' to 'float', possible loss of data
D:\MatDev\DEV\DEVELOPMENT GITS\VoxieBoxCPP\VoxieBoxCPP Additional Modules\VxMoxie\VxMoxie\VxMoxie\VxMoxie.cpp(116,9): warning C4244: '=': conversion from 'double' to 'float', possible loss of data
D:\MatDev\DEV\DEVELOPMENT GITS\VoxieBoxCPP\VoxieBoxCPP Additional Modules\VxMoxie\VxMoxie\VxMoxie\VxMoxie.cpp(132,14): warning C4244: '=': conversion from 'double' to 'float', possible loss of data
D:\MatDev\DEV\DEVELOPMENT GITS\VoxieBoxCPP\VoxieBoxCPP Additional Modules\VxMoxie\VxMoxie\VxMoxie\VxMoxie.cpp(147,38): warning C4244: '=': conversion from 'double' to 'float', possible loss of data
D:\MatDev\DEV\DEVELOPMENT GITS\VoxieBoxCPP\VoxieBoxCPP Additional Modules\VxMoxie\VxMoxie\VxMoxie\VxMoxie.cpp(148,38): warning C4244: '=': conversion from 'double' to 'float', possible loss of data
D:\MatDev\DEV\DEVELOPMENT GITS\VoxieBoxCPP\VoxieBoxCPP Additional Modules\VxMoxie\VxMoxie\VxMoxie\VxMoxie.cpp(149,38): warning C4244: '=': conversion from 'double' to 'float', possible loss of data
D:\MatDev\DEV\DEVELOPMENT GITS\VoxieBoxCPP\VoxieBoxCPP Additional Modules\VxMoxie\VxMoxie\VxMoxie\VxMoxie.cpp(184,15): warning C4244: '=': conversion from 'double' to 'float', possible loss of data
D:\MatDev\DEV\DEVELOPMENT GITS\VoxieBoxCPP\VoxieBoxCPP Additional Modules\VxMoxie\VxMoxie\VxMoxie\VxMoxie.cpp(185,15): warning C4244: '=': conversion from 'double' to 'float', possible loss of data
D:\MatDev\DEV\DEVELOPMENT GITS\VoxieBoxCPP\VoxieBoxCPP Additional Modules\VxMoxie\VxMoxie\VxMoxie\VxMoxie.cpp(186,15): warning C4244: '=': conversion from 'double' to 'float', possible loss of data
D:\MatDev\DEV\DEVELOPMENT GITS\VoxieBoxCPP\VoxieBoxCPP Additional Modules\VxMoxie\VxMoxie\VxMoxie\VxMoxie.cpp(221,38): warning C4244: '=': conversion from 'double' to 'float', possible loss of data
D:\MatDev\DEV\DEVELOPMENT GITS\VoxieBoxCPP\VoxieBoxCPP Additional Modules\VxMoxie\VxMoxie\VxMoxie\VxMoxie.cpp(222,38): warning C4244: '=': conversion from 'double' to 'float', possible loss of data
D:\MatDev\DEV\DEVELOPMENT GITS\VoxieBoxCPP\VoxieBoxCPP Additional Modules\VxMoxie\VxMoxie\VxMoxie\VxMoxie.cpp(223,38): warning C4244: '=': conversion from 'double' to 'float', possible loss of data
D:\MatDev\DEV\DEVELOPMENT GITS\VoxieBoxCPP\VoxieBoxCPP Additional Modules\VxMoxie\VxMoxie\VxMoxie\VxMoxie.cpp(234,42): warning C4244: '=': conversion from 'double' to 'float', possible loss of data
D:\MatDev\DEV\DEVELOPMENT GITS\VoxieBoxCPP\VoxieBoxCPP Additional Modules\VxMoxie\VxMoxie\VxMoxie\VxMoxie.cpp(235,42): warning C4244: '=': conversion from 'double' to 'float', possible loss of data
D:\MatDev\DEV\DEVELOPMENT GITS\VoxieBoxCPP\VoxieBoxCPP Additional Modules\VxMoxie\VxMoxie\VxMoxie\VxMoxie.cpp(236,42): warning C4244: '=': conversion from 'double' to 'float', possible loss of data
D:\MatDev\DEV\DEVELOPMENT GITS\VoxieBoxCPP\VoxieBoxCPP Additional Modules\VxMoxie\VxMoxie\VxMoxie\VxMoxie.cpp(620,28): warning C4305: 'argument': truncation from 'double' to 'float'
  Generating code
  3 of 45 functions ( 6.7%) were compiled, the rest were copied from previous compilation.
    0 functions were new in current compilation
    4 functions had inline decision re-evaluated but remain unchanged
  Finished generating code
  VxMoxie.vcxproj -> D:\MatDev\DEV\DEVELOPMENT GITS\VoxieBoxCPP\VoxieBoxCPP Additional Modules\VxMoxie\VxMoxie\x64\Release\VxMoxie.exe
