  Main.cpp
D:\MatDev\DEV\DEVELOPMENT GITS\VoxieBoxCPP\VoxieBoxCPP Additional Modules\VxMoxie\VxMoxie\VxMoxie\Main.cpp(12,27): warning C4838: conversion from 'double' to 'float' requires a narrowing conversion
D:\MatDev\DEV\DEVELOPMENT GITS\VoxieBoxCPP\VoxieBoxCPP Additional Modules\VxMoxie\VxMoxie\VxMoxie\Main.cpp(12,27): warning C4244: 'initializing': conversion from 'double' to 'float', possible loss of data
D:\MatDev\DEV\DEVELOPMENT GITS\VoxieBoxCPP\VoxieBoxCPP Additional Modules\VxMoxie\VxMoxie\VxMoxie\Main.cpp(21,18): warning C4305: '=': truncation from 'double' to 'float'
D:\MatDev\DEV\DEVELOPMENT GITS\VoxieBoxCPP\VoxieBoxCPP Additional Modules\VxMoxie\VxMoxie\VxMoxie\Main.cpp(21,40): warning C4305: '=': truncation from 'double' to 'float'
D:\MatDev\DEV\DEVELOPMENT GITS\VoxieBoxCPP\VoxieBoxCPP Additional Modules\VxMoxie\VxMoxie\VxMoxie\Main.cpp(21,56): warning C4305: '=': truncation from 'double' to 'float'
D:\MatDev\DEV\DEVELOPMENT GITS\VoxieBoxCPP\VoxieBoxCPP Additional Modules\VxMoxie\VxMoxie\VxMoxie\Main.cpp(22,18): warning C4305: '=': truncation from 'double' to 'float'
D:\MatDev\DEV\DEVELOPMENT GITS\VoxieBoxCPP\VoxieBoxCPP Additional Modules\VxMoxie\VxMoxie\VxMoxie\Main.cpp(22,40): warning C4305: '=': truncation from 'double' to 'float'
D:\MatDev\DEV\DEVELOPMENT GITS\VoxieBoxCPP\VoxieBoxCPP Additional Modules\VxMoxie\VxMoxie\VxMoxie\Main.cpp(22,56): warning C4305: '=': truncation from 'double' to 'float'
D:\MatDev\DEV\DEVELOPMENT GITS\VoxieBoxCPP\VoxieBoxCPP Additional Modules\VxMoxie\VxMoxie\VxMoxie\Main.cpp(23,18): warning C4305: '=': truncation from 'double' to 'float'
D:\MatDev\DEV\DEVELOPMENT GITS\VoxieBoxCPP\VoxieBoxCPP Additional Modules\VxMoxie\VxMoxie\VxMoxie\Main.cpp(23,40): warning C4305: '=': truncation from 'double' to 'float'
D:\MatDev\DEV\DEVELOPMENT GITS\VoxieBoxCPP\VoxieBoxCPP Additional Modules\VxMoxie\VxMoxie\VxMoxie\Main.cpp(23,56): warning C4305: '=': truncation from 'double' to 'float'
D:\MatDev\DEV\DEVELOPMENT GITS\VoxieBoxCPP\VoxieBoxCPP Additional Modules\VxMoxie\VxMoxie\VxMoxie\Main.cpp(24,18): warning C4305: '=': truncation from 'double' to 'float'
D:\MatDev\DEV\DEVELOPMENT GITS\VoxieBoxCPP\VoxieBoxCPP Additional Modules\VxMoxie\VxMoxie\VxMoxie\Main.cpp(24,40): warning C4305: '=': truncation from 'double' to 'float'
D:\MatDev\DEV\DEVELOPMENT GITS\VoxieBoxCPP\VoxieBoxCPP Additional Modules\VxMoxie\VxMoxie\VxMoxie\Main.cpp(24,56): warning C4305: '=': truncation from 'double' to 'float'
D:\MatDev\DEV\DEVELOPMENT GITS\VoxieBoxCPP\VoxieBoxCPP Additional Modules\VxMoxie\VxMoxie\VxMoxie\Main.cpp(33,69): warning C4244: '=': conversion from 'double' to 'float', possible loss of data
D:\MatDev\DEV\DEVELOPMENT GITS\VoxieBoxCPP\VoxieBoxCPP Additional Modules\VxMoxie\VxMoxie\VxMoxie\Main.cpp(36,26): warning C4244: 'argument': conversion from 'double' to 'float', possible loss of data
D:\MatDev\DEV\DEVELOPMENT GITS\VoxieBoxCPP\VoxieBoxCPP Additional Modules\VxMoxie\VxMoxie\VxMoxie\Main.cpp(36,17): warning C4244: 'argument': conversion from 'double' to 'float', possible loss of data
D:\MatDev\DEV\DEVELOPMENT GITS\VoxieBoxCPP\VoxieBoxCPP Additional Modules\VxMoxie\VxMoxie\VxMoxie\Main.cpp(36,8): warning C4244: 'argument': conversion from 'double' to 'float', possible loss of data
D:\MatDev\DEV\DEVELOPMENT GITS\VoxieBoxCPP\VoxieBoxCPP Additional Modules\VxMoxie\VxMoxie\VxMoxie\Main.cpp(35,41): warning C4244: 'argument': conversion from 'double' to 'float', possible loss of data
D:\MatDev\DEV\DEVELOPMENT GITS\VoxieBoxCPP\VoxieBoxCPP Additional Modules\VxMoxie\VxMoxie\VxMoxie\Main.cpp(35,32): warning C4244: 'argument': conversion from 'double' to 'float', possible loss of data
D:\MatDev\DEV\DEVELOPMENT GITS\VoxieBoxCPP\VoxieBoxCPP Additional Modules\VxMoxie\VxMoxie\VxMoxie\Main.cpp(35,23): warning C4244: 'argument': conversion from 'double' to 'float', possible loss of data
D:\MatDev\DEV\DEVELOPMENT GITS\VoxieBoxCPP\VoxieBoxCPP Additional Modules\VxMoxie\VxMoxie\VxMoxie\Main.cpp(49,19): warning C4244: '=': conversion from 'double' to 'float', possible loss of data
D:\MatDev\DEV\DEVELOPMENT GITS\VoxieBoxCPP\VoxieBoxCPP Additional Modules\VxMoxie\VxMoxie\VxMoxie\Main.cpp(49,41): warning C4244: '=': conversion from 'double' to 'float', possible loss of data
D:\MatDev\DEV\DEVELOPMENT GITS\VoxieBoxCPP\VoxieBoxCPP Additional Modules\VxMoxie\VxMoxie\VxMoxie\Main.cpp(50,19): warning C4244: '=': conversion from 'double' to 'float', possible loss of data
D:\MatDev\DEV\DEVELOPMENT GITS\VoxieBoxCPP\VoxieBoxCPP Additional Modules\VxMoxie\VxMoxie\VxMoxie\Main.cpp(50,42): warning C4244: '=': conversion from 'double' to 'float', possible loss of data
D:\MatDev\DEV\DEVELOPMENT GITS\VoxieBoxCPP\VoxieBoxCPP Additional Modules\VxMoxie\VxMoxie\VxMoxie\Main.cpp(57,19): warning C4244: '=': conversion from 'double' to 'float', possible loss of data
D:\MatDev\DEV\DEVELOPMENT GITS\VoxieBoxCPP\VoxieBoxCPP Additional Modules\VxMoxie\VxMoxie\VxMoxie\Main.cpp(57,42): warning C4244: '=': conversion from 'double' to 'float', possible loss of data
D:\MatDev\DEV\DEVELOPMENT GITS\VoxieBoxCPP\VoxieBoxCPP Additional Modules\VxMoxie\VxMoxie\VxMoxie\Main.cpp(58,19): warning C4244: '=': conversion from 'double' to 'float', possible loss of data
D:\MatDev\DEV\DEVELOPMENT GITS\VoxieBoxCPP\VoxieBoxCPP Additional Modules\VxMoxie\VxMoxie\VxMoxie\Main.cpp(58,43): warning C4244: '=': conversion from 'double' to 'float', possible loss of data
D:\MatDev\DEV\DEVELOPMENT GITS\VoxieBoxCPP\VoxieBoxCPP Additional Modules\VxMoxie\VxMoxie\VxMoxie\Main.cpp(56,21): warning C4101: 'f': unreferenced local variable
D:\MatDev\DEV\DEVELOPMENT GITS\VoxieBoxCPP\VoxieBoxCPP Additional Modules\VxMoxie\VxMoxie\VxMoxie\Main.cpp(103,87): warning C4244: 'argument': conversion from 'double' to 'float', possible loss of data
D:\MatDev\DEV\DEVELOPMENT GITS\VoxieBoxCPP\VoxieBoxCPP Additional Modules\VxMoxie\VxMoxie\VxMoxie\Main.cpp(104,86): warning C4244: 'argument': conversion from 'double' to 'float', possible loss of data
  VxMoxie.cpp
D:\MatDev\DEV\DEVELOPMENT GITS\VoxieBoxCPP\VoxieBoxCPP Additional Modules\VxMoxie\VxMoxie\VxMoxie\VxMoxie.cpp(79,10): warning C4244: 'initializing': conversion from 'double' to 'float', possible loss of data
D:\MatDev\DEV\DEVELOPMENT GITS\VoxieBoxCPP\VoxieBoxCPP Additional Modules\VxMoxie\VxMoxie\VxMoxie\VxMoxie.cpp(94,10): warning C4244: 'initializing': conversion from 'double' to 'float', possible loss of data
D:\MatDev\DEV\DEVELOPMENT GITS\VoxieBoxCPP\VoxieBoxCPP Additional Modules\VxMoxie\VxMoxie\VxMoxie\VxMoxie.cpp(110,14): warning C4244: '=': conversion from 'double' to 'float', possible loss of data
D:\MatDev\DEV\DEVELOPMENT GITS\VoxieBoxCPP\VoxieBoxCPP Additional Modules\VxMoxie\VxMoxie\VxMoxie\VxMoxie.cpp(125,38): warning C4244: '=': conversion from 'double' to 'float', possible loss of data
D:\MatDev\DEV\DEVELOPMENT GITS\VoxieBoxCPP\VoxieBoxCPP Additional Modules\VxMoxie\VxMoxie\VxMoxie\VxMoxie.cpp(126,38): warning C4244: '=': conversion from 'double' to 'float', possible loss of data
D:\MatDev\DEV\DEVELOPMENT GITS\VoxieBoxCPP\VoxieBoxCPP Additional Modules\VxMoxie\VxMoxie\VxMoxie\VxMoxie.cpp(127,38): warning C4244: '=': conversion from 'double' to 'float', possible loss of data
D:\MatDev\DEV\DEVELOPMENT GITS\VoxieBoxCPP\VoxieBoxCPP Additional Modules\VxMoxie\VxMoxie\VxMoxie\VxMoxie.cpp(162,15): warning C4244: '=': conversion from 'double' to 'float', possible loss of data
D:\MatDev\DEV\DEVELOPMENT GITS\VoxieBoxCPP\VoxieBoxCPP Additional Modules\VxMoxie\VxMoxie\VxMoxie\VxMoxie.cpp(163,15): warning C4244: '=': conversion from 'double' to 'float', possible loss of data
D:\MatDev\DEV\DEVELOPMENT GITS\VoxieBoxCPP\VoxieBoxCPP Additional Modules\VxMoxie\VxMoxie\VxMoxie\VxMoxie.cpp(164,15): warning C4244: '=': conversion from 'double' to 'float', possible loss of data
D:\MatDev\DEV\DEVELOPMENT GITS\VoxieBoxCPP\VoxieBoxCPP Additional Modules\VxMoxie\VxMoxie\VxMoxie\VxMoxie.cpp(199,38): warning C4244: '=': conversion from 'double' to 'float', possible loss of data
D:\MatDev\DEV\DEVELOPMENT GITS\VoxieBoxCPP\VoxieBoxCPP Additional Modules\VxMoxie\VxMoxie\VxMoxie\VxMoxie.cpp(200,38): warning C4244: '=': conversion from 'double' to 'float', possible loss of data
D:\MatDev\DEV\DEVELOPMENT GITS\VoxieBoxCPP\VoxieBoxCPP Additional Modules\VxMoxie\VxMoxie\VxMoxie\VxMoxie.cpp(201,38): warning C4244: '=': conversion from 'double' to 'float', possible loss of data
D:\MatDev\DEV\DEVELOPMENT GITS\VoxieBoxCPP\VoxieBoxCPP Additional Modules\VxMoxie\VxMoxie\VxMoxie\VxMoxie.cpp(212,41): warning C4244: '=': conversion from 'double' to 'float', possible loss of data
D:\MatDev\DEV\DEVELOPMENT GITS\VoxieBoxCPP\VoxieBoxCPP Additional Modules\VxMoxie\VxMoxie\VxMoxie\VxMoxie.cpp(213,41): warning C4244: '=': conversion from 'double' to 'float', possible loss of data
D:\MatDev\DEV\DEVELOPMENT GITS\VoxieBoxCPP\VoxieBoxCPP Additional Modules\VxMoxie\VxMoxie\VxMoxie\VxMoxie.cpp(214,41): warning C4244: '=': conversion from 'double' to 'float', possible loss of data
D:\MatDev\DEV\DEVELOPMENT GITS\VoxieBoxCPP\VoxieBoxCPP Additional Modules\VxMoxie\VxMoxie\VxMoxie\VxMoxie.cpp(580,44): warning C4305: 'argument': truncation from 'double' to 'float'
  Generating Code...
  VxMoxie.vcxproj -> D:\MatDev\DEV\DEVELOPMENT GITS\VoxieBoxCPP\VoxieBoxCPP Additional Modules\VxMoxie\VxMoxie\x64\Debug\VxMoxie.exe
