  MainTest.cpp
  PinchBox2D.cpp
d:\matdev\dev\development gits\voxieboxcpp\voxieboxcpp additional modules\2d ui vs2017\ui2d\pinchbox2d.cpp(23): warning C4838: conversion from 'int' to 'float' requires a narrowing conversion
d:\matdev\dev\development gits\voxieboxcpp\voxieboxcpp additional modules\2d ui vs2017\ui2d\pinchbox2d.cpp(23): warning C4244: 'initializing': conversion from 'int' to 'float', possible loss of data
d:\matdev\dev\development gits\voxieboxcpp\voxieboxcpp additional modules\2d ui vs2017\ui2d\pinchbox2d.cpp(24): warning C4838: conversion from 'int' to 'float' requires a narrowing conversion
d:\matdev\dev\development gits\voxieboxcpp\voxieboxcpp additional modules\2d ui vs2017\ui2d\pinchbox2d.cpp(24): warning C4244: 'initializing': conversion from 'int' to 'float', possible loss of data
d:\matdev\dev\development gits\voxieboxcpp\voxieboxcpp additional modules\2d ui vs2017\ui2d\pinchbox2d.cpp(91): warning C4244: '=': conversion from 'float' to 'int', possible loss of data
d:\matdev\dev\development gits\voxieboxcpp\voxieboxcpp additional modules\2d ui vs2017\ui2d\pinchbox2d.cpp(92): warning C4244: '=': conversion from 'float' to 'int', possible loss of data
d:\matdev\dev\development gits\voxieboxcpp\voxieboxcpp additional modules\2d ui vs2017\ui2d\pinchbox2d.cpp(114): warning C4244: '=': conversion from 'float' to 'int', possible loss of data
d:\matdev\dev\development gits\voxieboxcpp\voxieboxcpp additional modules\2d ui vs2017\ui2d\pinchbox2d.cpp(115): warning C4244: '=': conversion from 'float' to 'int', possible loss of data
d:\matdev\dev\development gits\voxieboxcpp\voxieboxcpp additional modules\2d ui vs2017\ui2d\pinchbox2d.cpp(333): warning C4244: 'argument': conversion from 'int' to 'float', possible loss of data
d:\matdev\dev\development gits\voxieboxcpp\voxieboxcpp additional modules\2d ui vs2017\ui2d\pinchbox2d.cpp(336): warning C4244: 'argument': conversion from 'int' to 'float', possible loss of data
d:\matdev\dev\development gits\voxieboxcpp\voxieboxcpp additional modules\2d ui vs2017\ui2d\pinchbox2d.cpp(339): warning C4244: 'argument': conversion from 'int' to 'float', possible loss of data
d:\matdev\dev\development gits\voxieboxcpp\voxieboxcpp additional modules\2d ui vs2017\ui2d\pinchbox2d.cpp(342): warning C4244: 'argument': conversion from 'int' to 'float', possible loss of data
  Generating code
  0 of 213 functions ( 0.0%) were compiled, the rest were copied from previous compilation.
    0 functions were new in current compilation
    0 functions had inline decision re-evaluated but remain unchanged
  Finished generating code
  UI2D.vcxproj -> D:\MatDev\DEV\DEVELOPMENT GITS\VoxieBoxCPP\VoxieBoxCPP Additional Modules\2D UI VS2017\x64\Release\UI2D.exe
