  Drawing and Graphic Example.cpp
d:\matdev\dev\development visual studio\voxieboxcpp\voxieboxcpp examples vs2017\drawing and graphic example\drawing and graphic example.cpp(45): warning C4305: 'initializing': truncation from 'double' to 'float'
d:\matdev\dev\development visual studio\voxieboxcpp\voxieboxcpp examples vs2017\drawing and graphic example\drawing and graphic example.cpp(114): warning C4305: 'initializing': truncation from 'double' to 'float'
d:\matdev\dev\development visual studio\voxieboxcpp\voxieboxcpp examples vs2017\drawing and graphic example\drawing and graphic example.cpp(119): warning C4244: 'argument': conversion from 'double' to 'float', possible loss of data
d:\matdev\dev\development visual studio\voxieboxcpp\voxieboxcpp examples vs2017\drawing and graphic example\drawing and graphic example.cpp(126): warning C4305: 'initializing': truncation from 'double' to 'float'
d:\matdev\dev\development visual studio\voxieboxcpp\voxieboxcpp examples vs2017\drawing and graphic example\drawing and graphic example.cpp(130): warning C4244: 'argument': conversion from 'double' to 'float', possible loss of data
d:\matdev\dev\development visual studio\voxieboxcpp\voxieboxcpp examples vs2017\drawing and graphic example\drawing and graphic example.cpp(176): warning C4305: 'initializing': truncation from 'double' to 'float'
d:\matdev\dev\development visual studio\voxieboxcpp\voxieboxcpp examples vs2017\drawing and graphic example\drawing and graphic example.cpp(179): warning C4305: 'argument': truncation from 'double' to 'float'
d:\matdev\dev\development visual studio\voxieboxcpp\voxieboxcpp examples vs2017\drawing and graphic example\drawing and graphic example.cpp(184): warning C4244: '=': conversion from 'double' to 'float', possible loss of data
d:\matdev\dev\development visual studio\voxieboxcpp\voxieboxcpp examples vs2017\drawing and graphic example\drawing and graphic example.cpp(185): warning C4244: '=': conversion from 'double' to 'float', possible loss of data
d:\matdev\dev\development visual studio\voxieboxcpp\voxieboxcpp examples vs2017\drawing and graphic example\drawing and graphic example.cpp(190): warning C4305: 'initializing': truncation from 'double' to 'float'
d:\matdev\dev\development visual studio\voxieboxcpp\voxieboxcpp examples vs2017\drawing and graphic example\drawing and graphic example.cpp(191): warning C4244: '=': conversion from 'double' to 'float', possible loss of data
d:\matdev\dev\development visual studio\voxieboxcpp\voxieboxcpp examples vs2017\drawing and graphic example\drawing and graphic example.cpp(194): warning C4244: '+=': conversion from 'double' to 'float', possible loss of data
d:\matdev\dev\development visual studio\voxieboxcpp\voxieboxcpp examples vs2017\drawing and graphic example\drawing and graphic example.cpp(206): warning C4305: 'initializing': truncation from 'double' to 'float'
d:\matdev\dev\development visual studio\voxieboxcpp\voxieboxcpp examples vs2017\drawing and graphic example\drawing and graphic example.cpp(207): warning C4305: 'initializing': truncation from 'double' to 'float'
d:\matdev\dev\development visual studio\voxieboxcpp\voxieboxcpp examples vs2017\drawing and graphic example\drawing and graphic example.cpp(211): warning C4305: 'argument': truncation from 'double' to 'float'
d:\matdev\dev\development visual studio\voxieboxcpp\voxieboxcpp examples vs2017\drawing and graphic example\drawing and graphic example.cpp(215): warning C4305: 'initializing': truncation from 'double' to 'float'
d:\matdev\dev\development visual studio\voxieboxcpp\voxieboxcpp examples vs2017\drawing and graphic example\drawing and graphic example.cpp(217): warning C4305: '=': truncation from 'double' to 'float'
d:\matdev\dev\development visual studio\voxieboxcpp\voxieboxcpp examples vs2017\drawing and graphic example\drawing and graphic example.cpp(218): warning C4244: '=': conversion from 'double' to 'float', possible loss of data
d:\matdev\dev\development visual studio\voxieboxcpp\voxieboxcpp examples vs2017\drawing and graphic example\drawing and graphic example.cpp(229): warning C4305: 'initializing': truncation from 'double' to 'float'
d:\matdev\dev\development visual studio\voxieboxcpp\voxieboxcpp examples vs2017\drawing and graphic example\drawing and graphic example.cpp(230): warning C4305: 'initializing': truncation from 'double' to 'float'
d:\matdev\dev\development visual studio\voxieboxcpp\voxieboxcpp examples vs2017\drawing and graphic example\drawing and graphic example.cpp(232): warning C4305: '=': truncation from 'double' to 'float'
d:\matdev\dev\development visual studio\voxieboxcpp\voxieboxcpp examples vs2017\drawing and graphic example\drawing and graphic example.cpp(233): warning C4244: '=': conversion from 'double' to 'float', possible loss of data
d:\matdev\dev\development visual studio\voxieboxcpp\voxieboxcpp examples vs2017\drawing and graphic example\drawing and graphic example.cpp(244): warning C4244: 'argument': conversion from 'double' to 'float', possible loss of data
d:\matdev\dev\development visual studio\voxieboxcpp\voxieboxcpp examples vs2017\drawing and graphic example\drawing and graphic example.cpp(260): warning C4305: 'initializing': truncation from 'double' to 'float'
d:\matdev\dev\development visual studio\voxieboxcpp\voxieboxcpp examples vs2017\drawing and graphic example\drawing and graphic example.cpp(261): warning C4305: 'argument': truncation from 'double' to 'float'
d:\matdev\dev\development visual studio\voxieboxcpp\voxieboxcpp examples vs2017\drawing and graphic example\drawing and graphic example.cpp(263): warning C4305: 'argument': truncation from 'double' to 'float'
d:\matdev\dev\development visual studio\voxieboxcpp\voxieboxcpp examples vs2017\drawing and graphic example\drawing and graphic example.cpp(267): warning C4305: 'initializing': truncation from 'double' to 'float'
d:\matdev\dev\development visual studio\voxieboxcpp\voxieboxcpp examples vs2017\drawing and graphic example\drawing and graphic example.cpp(274): warning C4305: '-=': truncation from 'double' to 'float'
d:\matdev\dev\development visual studio\voxieboxcpp\voxieboxcpp examples vs2017\drawing and graphic example\drawing and graphic example.cpp(310): warning C4305: '=': truncation from 'double' to 'float'
d:\matdev\dev\development visual studio\voxieboxcpp\voxieboxcpp examples vs2017\drawing and graphic example\drawing and graphic example.cpp(311): warning C4305: '=': truncation from 'double' to 'float'
d:\matdev\dev\development visual studio\voxieboxcpp\voxieboxcpp examples vs2017\drawing and graphic example\drawing and graphic example.cpp(312): warning C4305: '=': truncation from 'double' to 'float'
d:\matdev\dev\development visual studio\voxieboxcpp\voxieboxcpp examples vs2017\drawing and graphic example\drawing and graphic example.cpp(313): warning C4305: '=': truncation from 'double' to 'float'
  Drawing and Graphic Example.vcxproj -> D:\MatDev\DEV\DEVELOPMENT VISUAL STUDIO\VoxieBoxCPP\VoxieBoxCPP Examples VS2017\x64\Debug\Drawing and Graphic Example.exe
